2023-08-18T00:15:25.367Z   +493ms [debug] Config loaded {"version":"2.24.4","cdkVersion":"2.91.0","constructsVersion":"10.2.69","config":{"name":"pecuniary","region":"us-east-1","stage":"prod","ssmPrefix":"/sst/pecuniary/prod/"},"metafile":{"inputs":{"sst.config.ts":{"bytes":330,"imports":[{"path":"sst/constructs","kind":"import-statement","external":true},{"path":"aws-cdk-lib/aws-certificatemanager","kind":"import-statement","external":true},{"path":"./constants","kind":"import-statement","external":true}],"format":"esm"}},"outputs":{".sst.config.1692317725308.mjs":{"imports":[],"exports":["default"],"entryPoint":"sst.config.ts","inputs":{"sst.config.ts":{"bytesInOutput":124}},"bytes":306}}},"paths":{"config":"D:\\Projects\\pecuniary\\frontend\\sst.config.ts","root":"D:\\Projects\\pecuniary\\frontend","out":"D:\\Projects\\pecuniary\\frontend\\.sst","artifacts":"D:\\Projects\\pecuniary\\frontend\\.sst\\artifacts"}}
2023-08-18T00:15:27.115Z  +1748ms [debug] Using AWS profile 
2023-08-18T00:15:27.142Z    +27ms [debug] Created AWS client STSClient
2023-08-18T00:15:27.143Z     +1ms [debug] Fetching app metadata
2023-08-18T00:15:27.144Z     +1ms [debug] Initializing bootstrap context
2023-08-18T00:15:27.144Z     +0ms [debug] Created AWS client CloudFormationClient
2023-08-18T00:15:27.871Z   +727ms [debug] Using identity Account: 524849261220 User: AROAXUM3UFKSKEZZNZLYF:eric.bach
2023-08-18T00:15:27.916Z    +45ms [debug] Loaded bootstrap status
2023-08-18T00:15:27.916Z     +0ms [debug] Bootstrap context initialized {"status":"ready","version":"7.2","bucket":"sstbootstrap-useast124d14e4b-gyf8z8h3j8d0"}
2023-08-18T00:15:28.300Z   +384ms [debug] Synthesizing stacks...
2023-08-18T00:15:28.474Z   +174ms [debug] Generating types in D:\Projects\pecuniary\frontend\.sst\types
2023-08-18T00:15:28.476Z     +2ms [debug] Running 1 deferred tasks with concurrency: 23
2023-08-18T00:15:28.477Z     +1ms [debug] Running "npm run build" script
2023-08-18T00:15:31.254Z  +2777ms [debug] Building function c8d598b626c8865cac0f184fa4da5b2a094738b2ff
2023-08-18T00:15:31.267Z    +13ms [debug] Publishing event {"type":"file.changed","properties":{"file":"D:\\Projects\\pecuniary\\frontend\\build\\metafile.js.json","relative":"build\\metafile.js.json"},"sourceID":"693b0f010aa95d74f1f654f258e4f27f"}
2023-08-18T00:15:31.267Z     +0ms [debug] Publishing event {"type":"file.changed","properties":{"file":"D:\\Projects\\pecuniary\\frontend\\build\\metafile.server.json","relative":"build\\metafile.server.json"},"sourceID":"693b0f010aa95d74f1f654f258e4f27f"}
2023-08-18T00:15:31.267Z     +0ms [debug] Publishing event {"type":"file.changed","properties":{"file":"D:\\Projects\\pecuniary\\frontend\\build\\index.js","relative":"build\\index.js"},"sourceID":"693b0f010aa95d74f1f654f258e4f27f"}
2023-08-18T00:15:31.285Z    +18ms [debug] Publishing event {"type":"function.build.started","properties":{"functionID":"c8d598b626c8865cac0f184fa4da5b2a094738b2ff"},"sourceID":"693b0f010aa95d74f1f654f258e4f27f"}
2023-08-18T00:15:32.594Z  +1309ms [debug] {"functionID":"c8d598b626c8865cac0f184fa4da5b2a094738b2ff","handler":"build\\server.handler","freeMemory":"8543 MB","totalMemory":"32674 MB","rss":"187 MB","heapTotal":"146 MB","heapUsed":"105 MB","external":"46 MB","arrayBuffers":"11 MB"}
2023-08-18T00:15:32.594Z     +0ms [debug] Publishing event {"type":"function.build.success","properties":{"functionID":"c8d598b626c8865cac0f184fa4da5b2a094738b2ff"},"sourceID":"693b0f010aa95d74f1f654f258e4f27f"}
2023-08-18T00:15:32.794Z   +200ms [debug] Generated build ID 1f2e102a65f368d4ddc6a3cb4dfc4f751dce98f6
2023-08-18T00:15:32.867Z    +73ms [debug] [{"key":"hosted-zone:account=524849261220:domainName=ericbach.dev:region=us-east-1","provider":"hosted-zone","props":{"account":"524849261220","region":"us-east-1","domainName":"ericbach.dev","lookupRoleArn":"arn:${AWS::Partition}:iam::524849261220:role/cdk-hnb659fds-lookup-role-524849261220-us-east-1"}}]
2023-08-18T00:15:32.867Z     +0ms [debug] Loading v2 AWS SDK
2023-08-18T00:15:32.867Z     +0ms [debug] Looking up context for: ["hosted-zone:account=524849261220:domainName=ericbach.dev:region=us-east-1"] Previous: {}
2023-08-18T00:15:33.614Z   +747ms [debug] Generating types in D:\Projects\pecuniary\frontend\.sst\types
2023-08-18T00:15:33.615Z     +1ms [debug] Running 1 deferred tasks with concurrency: 23
2023-08-18T00:15:33.615Z     +0ms [debug] Running "npm run build" script
2023-08-18T00:15:36.370Z  +2755ms [debug] Building function c8d598b626c8865cac0f184fa4da5b2a094738b2ff
2023-08-18T00:15:36.373Z     +3ms [debug] Publishing event {"type":"file.changed","properties":{"file":"D:\\Projects\\pecuniary\\frontend\\cdk.context.json","relative":"cdk.context.json"},"sourceID":"693b0f010aa95d74f1f654f258e4f27f"}
2023-08-18T00:15:36.393Z    +20ms [debug] Publishing event {"type":"function.build.started","properties":{"functionID":"c8d598b626c8865cac0f184fa4da5b2a094738b2ff"},"sourceID":"693b0f010aa95d74f1f654f258e4f27f"}
2023-08-18T00:15:36.475Z    +82ms [debug] Publishing event {"type":"file.changed","properties":{"file":"D:\\Projects\\pecuniary\\frontend\\public\\build\\entry.client-D762DZ3D.js","relative":"public\\build\\entry.client-D762DZ3D.js"},"sourceID":"693b0f010aa95d74f1f654f258e4f27f"}
2023-08-18T00:15:36.475Z     +0ms [debug] Publishing event {"type":"file.changed","properties":{"file":"D:\\Projects\\pecuniary\\frontend\\public\\build\\_assets\\footer-A2S5W52M.css","relative":"public\\build\\_assets\\footer-A2S5W52M.css"},"sourceID":"693b0f010aa95d74f1f654f258e4f27f"}
2023-08-18T00:15:36.475Z     +0ms [debug] Publishing event {"type":"file.changed","properties":{"file":"D:\\Projects\\pecuniary\\frontend\\public\\build\\_shared\\chunk-ACOY2VEA.js","relative":"public\\build\\_shared\\chunk-ACOY2VEA.js"},"sourceID":"693b0f010aa95d74f1f654f258e4f27f"}
2023-08-18T00:15:36.475Z     +0ms [debug] Publishing event {"type":"file.changed","properties":{"file":"D:\\Projects\\pecuniary\\frontend\\public\\build\\routes\\account-J733SA43.js","relative":"public\\build\\routes\\account-J733SA43.js"},"sourceID":"693b0f010aa95d74f1f654f258e4f27f"}
2023-08-18T00:15:36.483Z     +8ms [debug] Publishing event {"type":"file.changed","properties":{"file":"D:\\Projects\\pecuniary\\frontend\\build\\metafile.js.json","relative":"build\\metafile.js.json"},"sourceID":"693b0f010aa95d74f1f654f258e4f27f"}
2023-08-18T00:15:36.483Z     +0ms [debug] Publishing event {"type":"file.changed","properties":{"file":"D:\\Projects\\pecuniary\\frontend\\build\\metafile.server.json","relative":"build\\metafile.server.json"},"sourceID":"693b0f010aa95d74f1f654f258e4f27f"}
2023-08-18T00:15:36.483Z     +0ms [debug] Publishing event {"type":"file.changed","properties":{"file":"D:\\Projects\\pecuniary\\frontend\\build\\index.js","relative":"build\\index.js"},"sourceID":"693b0f010aa95d74f1f654f258e4f27f"}
2023-08-18T00:15:36.483Z     +0ms [debug] Publishing event {"type":"file.changed","properties":{"file":"D:\\Projects\\pecuniary\\frontend\\public\\build\\manifest-E42077DA.js","relative":"public\\build\\manifest-E42077DA.js"},"sourceID":"693b0f010aa95d74f1f654f258e4f27f"}
2023-08-18T00:15:36.483Z     +0ms [debug] Publishing event {"type":"file.changed","properties":{"file":"D:\\Projects\\pecuniary\\frontend\\public\\build\\root-UW5ZLDGB.js","relative":"public\\build\\root-UW5ZLDGB.js"},"sourceID":"693b0f010aa95d74f1f654f258e4f27f"}
2023-08-18T00:15:37.602Z  +1119ms [debug] {"functionID":"c8d598b626c8865cac0f184fa4da5b2a094738b2ff","handler":"build\\server.handler","freeMemory":"8337 MB","totalMemory":"32674 MB","rss":"199 MB","heapTotal":"155 MB","heapUsed":"109 MB","external":"62 MB","arrayBuffers":"11 MB"}
2023-08-18T00:15:37.603Z     +1ms [debug] Publishing event {"type":"function.build.success","properties":{"functionID":"c8d598b626c8865cac0f184fa4da5b2a094738b2ff"},"sourceID":"693b0f010aa95d74f1f654f258e4f27f"}
2023-08-18T00:15:37.744Z   +141ms [debug] Generated build ID 1f2e102a65f368d4ddc6a3cb4dfc4f751dce98f6
2023-08-18T00:15:37.789Z    +45ms [debug] [{"key":"hosted-zone:account=524849261220:domainName=ericbach.dev:region=us-east-1","provider":"hosted-zone","props":{"account":"524849261220","region":"us-east-1","domainName":"ericbach.dev","lookupRoleArn":"arn:${AWS::Partition}:iam::524849261220:role/cdk-hnb659fds-lookup-role-524849261220-us-east-1"}}]
